<?xml version="1.0" encoding="UTF-8"?>
<testsuite xmlns:xsi="http://www.w3.org/2001/XMLSchema-instance" xsi:noNamespaceSchemaLocation="https://maven.apache.org/surefire/maven-surefire-plugin/xsd/surefire-test-report.xsd" name="payMyBuddySystem.ServicesTest.BankServicesTest" time="19.1" tests="2" errors="0" skipped="2" failures="0">
  <properties>
[...]
</properties>
  <testcase name="ajoutBankTest" classname="payMyBuddySystem.ServicesTest.BankServicesTest" time="0">
    <skipped message="void payMyBuddySystem.ServicesTest.BankServicesTest.ajoutBankTest() throws java.lang.Exception is @Disabled"/>
    <system-out><![CDATA[16:51:00.820 [main] DEBUG org.springframework.test.context.BootstrapUtils - Instantiating CacheAwareContextLoaderDelegate from class [org.springframework.test.context.cache.DefaultCacheAwareContextLoaderDelegate]
16:51:00.942 [main] DEBUG org.springframework.test.context.BootstrapUtils - Instantiating BootstrapContext using constructor [public org.springframework.test.context.support.DefaultBootstrapContext(java.lang.Class,org.springframework.test.context.CacheAwareContextLoaderDelegate)]
16:51:01.227 [main] DEBUG org.springframework.test.context.BootstrapUtils - Instantiating TestContextBootstrapper for test class [payMyBuddySystem.ServicesTest.BankServicesTest] from class [org.springframework.boot.test.context.SpringBootTestContextBootstrapper]
16:51:01.329 [main] INFO org.springframework.boot.test.context.SpringBootTestContextBootstrapper - Neither @ContextConfiguration nor @ContextHierarchy found for test class [payMyBuddySystem.ServicesTest.BankServicesTest], using SpringBootContextLoader
16:51:01.366 [main] DEBUG org.springframework.test.context.support.AbstractContextLoader - Did not detect default resource location for test class [payMyBuddySystem.ServicesTest.BankServicesTest]: class path resource [payMyBuddySystem/ServicesTest/BankServicesTest-context.xml] does not exist
16:51:01.371 [main] DEBUG org.springframework.test.context.support.AbstractContextLoader - Did not detect default resource location for test class [payMyBuddySystem.ServicesTest.BankServicesTest]: class path resource [payMyBuddySystem/ServicesTest/BankServicesTestContext.groovy] does not exist
16:51:01.372 [main] INFO org.springframework.test.context.support.AbstractContextLoader - Could not detect default resource locations for test class [payMyBuddySystem.ServicesTest.BankServicesTest]: no resource found for suffixes {-context.xml, Context.groovy}.
16:51:01.377 [main] INFO org.springframework.test.context.support.AnnotationConfigContextLoaderUtils - Could not detect default configuration classes for test class [payMyBuddySystem.ServicesTest.BankServicesTest]: BankServicesTest does not declare any static, non-private, non-final, nested classes annotated with @Configuration.
16:51:01.779 [main] DEBUG org.springframework.test.context.support.ActiveProfilesUtils - Could not find an 'annotation declaring class' for annotation type [org.springframework.test.context.ActiveProfiles] and class [payMyBuddySystem.ServicesTest.BankServicesTest]
16:51:02.209 [main] DEBUG org.springframework.context.annotation.ClassPathScanningCandidateComponentProvider - Identified candidate component class: file [C:\Users\maure\Desktop\Projet JAVA EE\payMyBuddy\target\classes\payMyBuddySystem\App.class]
16:51:02.222 [main] INFO org.springframework.boot.test.context.SpringBootTestContextBootstrapper - Found @SpringBootConfiguration payMyBuddySystem.App for test class payMyBuddySystem.ServicesTest.BankServicesTest
16:51:03.066 [main] DEBUG org.springframework.boot.test.context.SpringBootTestContextBootstrapper - @TestExecutionListeners is not present for class [payMyBuddySystem.ServicesTest.BankServicesTest]: using defaults.
16:51:03.072 [main] INFO org.springframework.boot.test.context.SpringBootTestContextBootstrapper - Loaded default TestExecutionListener class names from location [META-INF/spring.factories]: [org.springframework.boot.test.mock.mockito.MockitoTestExecutionListener, org.springframework.boot.test.mock.mockito.ResetMocksTestExecutionListener, org.springframework.boot.test.autoconfigure.restdocs.RestDocsTestExecutionListener, org.springframework.boot.test.autoconfigure.web.client.MockRestServiceServerResetTestExecutionListener, org.springframework.boot.test.autoconfigure.web.servlet.MockMvcPrintOnlyOnFailureTestExecutionListener, org.springframework.boot.test.autoconfigure.web.servlet.WebDriverTestExecutionListener, org.springframework.boot.test.autoconfigure.webservices.client.MockWebServiceServerTestExecutionListener, org.springframework.test.context.web.ServletTestExecutionListener, org.springframework.test.context.support.DirtiesContextBeforeModesTestExecutionListener, org.springframework.test.context.support.DependencyInjectionTestExecutionListener, org.springframework.test.context.support.DirtiesContextTestExecutionListener, org.springframework.test.context.transaction.TransactionalTestExecutionListener, org.springframework.test.context.jdbc.SqlScriptsTestExecutionListener, org.springframework.test.context.event.EventPublishingTestExecutionListener]
16:51:03.190 [main] DEBUG org.springframework.boot.test.context.SpringBootTestContextBootstrapper - Skipping candidate TestExecutionListener [org.springframework.test.context.transaction.TransactionalTestExecutionListener] due to a missing dependency. Specify custom listener classes or make the default listener classes and their required dependencies available. Offending class: [org/springframework/transaction/interceptor/TransactionAttributeSource]
16:51:03.196 [main] DEBUG org.springframework.boot.test.context.SpringBootTestContextBootstrapper - Skipping candidate TestExecutionListener [org.springframework.test.context.jdbc.SqlScriptsTestExecutionListener] due to a missing dependency. Specify custom listener classes or make the default listener classes and their required dependencies available. Offending class: [org/springframework/transaction/interceptor/TransactionAttribute]
16:51:03.198 [main] INFO org.springframework.boot.test.context.SpringBootTestContextBootstrapper - Using TestExecutionListeners: [org.springframework.test.context.web.ServletTestExecutionListener@5178345d, org.springframework.test.context.support.DirtiesContextBeforeModesTestExecutionListener@7b2d58e6, org.springframework.boot.test.mock.mockito.MockitoTestExecutionListener@708f7386, org.springframework.boot.test.autoconfigure.SpringBootDependencyInjectionTestExecutionListener@377e90b0, org.springframework.test.context.support.DirtiesContextTestExecutionListener@27b490de, org.springframework.test.context.event.EventPublishingTestExecutionListener@36cf16a6, org.springframework.boot.test.mock.mockito.ResetMocksTestExecutionListener@3dd750ba, org.springframework.boot.test.autoconfigure.restdocs.RestDocsTestExecutionListener@7eefaca0, org.springframework.boot.test.autoconfigure.web.client.MockRestServiceServerResetTestExecutionListener@7d5ef1c3, org.springframework.boot.test.autoconfigure.web.servlet.MockMvcPrintOnlyOnFailureTestExecutionListener@33eab2e8, org.springframework.boot.test.autoconfigure.web.servlet.WebDriverTestExecutionListener@34bf66af, org.springframework.boot.test.autoconfigure.webservices.client.MockWebServiceServerTestExecutionListener@37364634]
16:51:03.225 [main] DEBUG org.springframework.test.context.support.AbstractDirtiesContextTestExecutionListener - Before test class: context [DefaultTestContext@76220ef1 testClass = BankServicesTest, testInstance = [null], testMethod = [null], testException = [null], mergedContextConfiguration = [WebMergedContextConfiguration@65ad2b42 testClass = BankServicesTest, locations = '{}', classes = '{class payMyBuddySystem.App}', contextInitializerClasses = '[]', activeProfiles = '{}', propertySourceLocations = '{}', propertySourceProperties = '{org.springframework.boot.test.context.SpringBootTestContextBootstrapper=true}', contextCustomizers = set[[ImportsContextCustomizer@294ebe11 key = [org.springframework.boot.test.autoconfigure.web.servlet.MockMvcAutoConfiguration, org.springframework.boot.test.autoconfigure.web.servlet.MockMvcWebClientAutoConfiguration, org.springframework.boot.test.autoconfigure.web.servlet.MockMvcWebDriverAutoConfiguration, org.springframework.boot.autoconfigure.security.oauth2.client.servlet.OAuth2ClientAutoConfiguration, org.springframework.boot.autoconfigure.security.oauth2.resource.servlet.OAuth2ResourceServerAutoConfiguration, org.springframework.boot.autoconfigure.security.servlet.SecurityAutoConfiguration, org.springframework.boot.autoconfigure.security.servlet.SecurityFilterAutoConfiguration, org.springframework.boot.autoconfigure.security.servlet.UserDetailsServiceAutoConfiguration, org.springframework.boot.test.autoconfigure.web.servlet.MockMvcSecurityConfiguration]], org.springframework.boot.test.context.filter.ExcludeFilterContextCustomizer@ac91282, org.springframework.boot.test.json.DuplicateJsonObjectContextCustomizerFactory$DuplicateJsonObjectContextCustomizer@b791a81, org.springframework.boot.test.mock.mockito.MockitoContextCustomizer@0, org.springframework.boot.test.web.client.TestRestTemplateContextCustomizer@47b33e07, org.springframework.boot.test.web.reactive.server.WebTestClientContextCustomizer@23468512, org.springframework.boot.test.autoconfigure.actuate.metrics.MetricsExportContextCustomizerFactory$DisableMetricExportContextCustomizer@12d2ddde, org.springframework.boot.test.autoconfigure.properties.PropertyMappingContextCustomizer@4b3fa0b3, org.springframework.boot.test.autoconfigure.web.servlet.WebDriverContextCustomizerFactory$Customizer@5bcec67e, org.springframework.boot.test.context.SpringBootTestArgs@1, org.springframework.boot.test.context.SpringBootTestWebEnvironment@18245eb0], resourceBasePath = 'src/main/webapp', contextLoader = 'org.springframework.boot.test.context.SpringBootContextLoader', parent = [null]], attributes = map['org.springframework.test.context.web.ServletTestExecutionListener.activateListener' -> true]], class annotated with @DirtiesContext [false] with mode [null].
16:51:03.538 [main] DEBUG org.springframework.test.context.support.TestPropertySourceUtils - Adding inlined properties to environment: {spring.jmx.enabled=false, org.springframework.boot.test.context.SpringBootTestContextBootstrapper=true}

  .   ____          _            __ _ _
 /\\ / ___'_ __ _ _(_)_ __  __ _ \ \ \ \
( ( )\___ | '_ | '_| | '_ \/ _` | \ \ \ \
 \\/  ___)| |_)| | | | | || (_| |  ) ) ) )
  '  |____| .__|_| |_|_| |_\__, | / / / /
 =========|_|==============|___/=/_/_/_/
 :: Spring Boot ::                (v2.4.0)

2021-03-13 16:51:05.266  INFO 20420 --- [           main] p.ServicesTest.BankServicesTest          : Starting BankServicesTest using Java 14 on LAPTOP-OVUG4IFV with PID 20420 (started by maure in C:\Users\maure\Desktop\Projet JAVA EE\payMyBuddy)
2021-03-13 16:51:05.278  INFO 20420 --- [           main] p.ServicesTest.BankServicesTest          : No active profile set, falling back to default profiles: default
2021-03-13 16:51:12.862  INFO 20420 --- [           main] o.s.s.web.DefaultSecurityFilterChain     : Will secure any request with [org.springframework.security.web.context.request.async.WebAsyncManagerIntegrationFilter@75015a3a, org.springframework.security.web.context.SecurityContextPersistenceFilter@47caa1ff, org.springframework.security.web.header.HeaderWriterFilter@2c630bff, org.springframework.web.filter.CorsFilter@3f126927, org.springframework.security.web.authentication.logout.LogoutFilter@4973aba1, payMyBuddySystem.security.AuthentificationFilter@46fb460a, payMyBuddySystem.security.AuthorizationFilter@33c0ec32, org.springframework.security.web.savedrequest.RequestCacheAwareFilter@34615ef4, org.springframework.security.web.servletapi.SecurityContextHolderAwareRequestFilter@345292c1, org.springframework.security.web.authentication.AnonymousAuthenticationFilter@4cefa0fa, org.springframework.security.web.session.SessionManagementFilter@6f053a97, org.springframework.security.web.access.ExceptionTranslationFilter@7f0bd5ed, org.springframework.security.web.access.intercept.FilterSecurityInterceptor@10e3a63a]
2021-03-13 16:51:13.781  INFO 20420 --- [           main] o.s.s.concurrent.ThreadPoolTaskExecutor  : Initializing ExecutorService 'applicationTaskExecutor'
2021-03-13 16:51:14.481  WARN 20420 --- [           main] ion$DefaultTemplateResolverConfiguration : Cannot find template location: classpath:/templates/ (please add some templates or check your Thymeleaf configuration)
2021-03-13 16:51:15.532  INFO 20420 --- [           main] o.s.b.t.m.w.SpringBootMockServletContext : Initializing Spring TestDispatcherServlet ''
2021-03-13 16:51:15.532  INFO 20420 --- [           main] o.s.t.web.servlet.TestDispatcherServlet  : Initializing Servlet ''
2021-03-13 16:51:15.536  INFO 20420 --- [           main] o.s.t.web.servlet.TestDispatcherServlet  : Completed initialization in 3 ms
2021-03-13 16:51:15.675  INFO 20420 --- [           main] p.ServicesTest.BankServicesTest          : Started BankServicesTest in 12.059 seconds (JVM running for 18.106)
]]></system-out>
  </testcase>
  <testcase name="getBankUserTest" classname="payMyBuddySystem.ServicesTest.BankServicesTest" time="0">
    <skipped message="void payMyBuddySystem.ServicesTest.BankServicesTest.getBankUserTest() throws java.lang.Exception is @Disabled"/>
  </testcase>
</testsuite>